;  LST file generated by mikroListExporter - v.2.0 
; Date/Time: 29-Dec-16 21:06:00
;----------------------------------------------

;Address Opcode 	ASM
0x0000	0x019E940C  	JMP        _main
0x0004	0x0000940C  	JMP        0
0x0008	0x0000940C  	JMP        0
0x000C	0x0000940C  	JMP        0
0x0010	0x0000940C  	JMP        0
0x0014	0x0000940C  	JMP        0
0x0018	0x0000940C  	JMP        0
0x001C	0x0000940C  	JMP        0
0x0020	0x0000940C  	JMP        0
0x0024	0x0000940C  	JMP        0
0x0028	0x0000940C  	JMP        0
0x002C	0x0000940C  	JMP        0
0x0030	0x0000940C  	JMP        0
0x0034	0x0000940C  	JMP        0
0x0038	0x0000940C  	JMP        0
0x003C	0x0000940C  	JMP        0
0x0040	0x0000940C  	JMP        0
0x0044	0x0000940C  	JMP        0
0x0048	0x0000940C  	JMP        0
0x004C	0x0000940C  	JMP        0
0x0050	0x0000940C  	JMP        0
0x0054	0x0000940C  	JMP        0
0x0058	0x0000940C  	JMP        0
0x005C	0x0000940C  	JMP        0
0x0060	0x0000940C  	JMP        0
0x0064	0x0000940C  	JMP        0
0x0068	0x0000940C  	JMP        0
0x006C	0x0000940C  	JMP        0
0x0070	0x0000940C  	JMP        0
0x0074	0x0000940C  	JMP        0
0x0078	0x0000940C  	JMP        0
0x007C	0x0000940C  	JMP        0
0x0080	0x0000940C  	JMP        0
0x0084	0x0000940C  	JMP        0
0x0088	0x0000940C  	JMP        0
0x008C	0x0000940C  	JMP        0
0x0090	0x0000940C  	JMP        0
0x0094	0x0000940C  	JMP        0
0x0098	0x0000940C  	JMP        0
0x009C	0x0000940C  	JMP        0
0x00A0	0x0000940C  	JMP        0
0x00A4	0x0000940C  	JMP        0
0x00A8	0x0000940C  	JMP        0
0x00AC	0x0000940C  	JMP        0
0x00B0	0x0000940C  	JMP        0
0x00B4	0x0000940C  	JMP        0
0x00B8	0x0000940C  	JMP        0
0x00BC	0x0000940C  	JMP        0
0x00C0	0x0000940C  	JMP        0
0x00C4	0x0000940C  	JMP        0
0x00C8	0x0000940C  	JMP        0
0x00CC	0x0000940C  	JMP        0
0x00D0	0x0000940C  	JMP        0
0x00D4	0x0000940C  	JMP        0
0x00D8	0x0000940C  	JMP        0
0x00DC	0x0000940C  	JMP        0
0x00E0	0x0000940C  	JMP        0
0x00E4	0x0000    	NOP
0x00E6	0x0000    	NOP
0x00E8	0x0000940C  	JMP        0
0x00EC	0x0000940C  	JMP        0
0x00F0	0x0000940C  	JMP        0
0x00F4	0x0000    	NOP
0x00F6	0x0000    	NOP
0x00F8	0x0000    	NOP
0x00FA	0x0000    	NOP
0x00FC	0x0000    	NOP
0x00FE	0x0000    	NOP
0x0100	0x0000940C  	JMP        0
0x0104	0x0000940C  	JMP        0
0x0108	0x0000940C  	JMP        0
0x010C	0x0000940C  	JMP        0
0x0110	0x0000940C  	JMP        0
0x0114	0x0000940C  	JMP        0
0x0118	0x0000940C  	JMP        0
0x011C	0x0000940C  	JMP        0
0x0120	0x0000940C  	JMP        0
0x0124	0x0000940C  	JMP        0
0x0128	0x0000940C  	JMP        0
0x012C	0x0000    	NOP
0x012E	0x0000    	NOP
0x0130	0x0000    	NOP
0x0132	0x0000    	NOP
0x0134	0x0000940C  	JMP        0
0x0138	0x0000940C  	JMP        0
0x013C	0x0000940C  	JMP        0
0x0140	0x0000940C  	JMP        0
0x0144	0x0000940C  	JMP        0
0x0148	0x0000940C  	JMP        0
0x014C	0x0000940C  	JMP        0
0x0150	0x0000940C  	JMP        0
0x0154	0x0000940C  	JMP        0
0x0158	0x0000940C  	JMP        0
0x015C	0x0000940C  	JMP        0
0x0160	0x0000940C  	JMP        0
0x0164	0x0000940C  	JMP        0
0x0168	0x0000940C  	JMP        0
0x016C	0x0000940C  	JMP        0
0x0170	0x0000940C  	JMP        0
0x0174	0x0000940C  	JMP        0
0x0178	0x0000    	NOP
0x017A	0x0000    	NOP
0x017C	0x0000    	NOP
0x017E	0x0000    	NOP
0x0180	0x0000    	NOP
0x0182	0x0000    	NOP
0x0184	0x0000    	NOP
0x0186	0x0000    	NOP
0x0188	0x0000    	NOP
0x018A	0x0000    	NOP
0x018C	0x0000    	NOP
0x018E	0x0000    	NOP
0x0190	0x0000    	NOP
0x0192	0x0000    	NOP
0x0194	0x0000    	NOP
0x0196	0x0000    	NOP
0x0198	0x0000    	NOP
0x019A	0x0000    	NOP
0x019C	0x0000    	NOP
0x019E	0x0000    	NOP
0x01A0	0x0000940C  	JMP        0
0x01A4	0x0000940C  	JMP        0
0x01A8	0x0000    	NOP
0x01AA	0x0000    	NOP
0x01AC	0x0000    	NOP
0x01AE	0x0000    	NOP
0x01B0	0x0000940C  	JMP        0
0x01B4	0x0000940C  	JMP        0
0x01B8	0x0000940C  	JMP        0
0x01BC	0x0000940C  	JMP        0
0x01C0	0x0000940C  	JMP        0
0x01C4	0x0000940C  	JMP        0
0x01C8	0x0000    	NOP
0x01CA	0x0000    	NOP
0x01CC	0x0000    	NOP
0x01CE	0x0000    	NOP
0x01D0	0x0000    	NOP
0x01D2	0x0000    	NOP
0x01D4	0x0000    	NOP
0x01D6	0x0000    	NOP
0x01D8	0x0000    	NOP
0x01DA	0x0000    	NOP
0x01DC	0x0000940C  	JMP        0
0x01E0	0x0000940C  	JMP        0
0x01E4	0x0000940C  	JMP        0
0x01E8	0x0000    	NOP
0x01EA	0x0000    	NOP
0x01EC	0x0000    	NOP
0x01EE	0x0000    	NOP
0x01F0	0x0000    	NOP
0x01F2	0x0000    	NOP
0x01F4	0x0000940C  	JMP        0
0x01F8	0x0000940C  	JMP        0
_main:
0x033C	0xEFBF    	LDI        R27, 255
0x033E	0xBFBD    	OUT        SPL+0, R27
0x0340	0xE5BF    	LDI        R27, 95
0x0342	0xBFBE    	OUT        SPL+1, R27
0x0344	0x0219940E  	CALL       537
;spi.c,1 :: 		void main() {
;spi.c,4 :: 		delay_ms(100);
0x0348	0x922F    	PUSH       R2
0x034A	0x923F    	PUSH       R3
0x034C	0xE022    	LDI        R18, 2
0x034E	0xE014    	LDI        R17, 4
0x0350	0xEB0B    	LDI        R16, 187
L_main0:
0x0352	0x950A    	DEC        R16
0x0354	0xF7F1    	BRNE       L_main0
0x0356	0x951A    	DEC        R17
0x0358	0xF7E1    	BRNE       L_main0
0x035A	0x952A    	DEC        R18
0x035C	0xF7D1    	BRNE       L_main0
0x035E	0x0000    	NOP
;spi.c,6 :: 		UARTC0_Init(9600);
0x0360	0x08A49100  	LDS        R16, USARTC0_CTRLB+0
0x0364	0x7F0B    	ANDI       R16, 251
0x0366	0x08A49300  	STS        USARTC0_CTRLB+0, R16
0x036A	0xE0BC    	LDI        R27, 12
0x036C	0x08A693B0  	STS        USARTC0_BAUDCTRLA+0, R27
0x0370	0xE0B0    	LDI        R27, 0
0x0372	0x08A793B0  	STS        USARTC0_BAUDCTRLB+0, R27
0x0376	0xDF88    	RCALL      _UARTC0_Init+0
;spi.c,8 :: 		delay_ms(100);
0x0378	0xE022    	LDI        R18, 2
0x037A	0xE014    	LDI        R17, 4
0x037C	0xEB0B    	LDI        R16, 187
L_main2:
0x037E	0x950A    	DEC        R16
0x0380	0xF7F1    	BRNE       L_main2
0x0382	0x951A    	DEC        R17
0x0384	0xF7E1    	BRNE       L_main2
0x0386	0x952A    	DEC        R18
0x0388	0xF7D1    	BRNE       L_main2
0x038A	0x0000    	NOP
;spi.c,10 :: 		UARTC0_Write_Text("hello");
0x038C	0xE0B0    	LDI        R27, lo_addr(?lstr1_spi+0)
0x038E	0x2E2B    	MOV        R2, R27
0x0390	0xE2B0    	LDI        R27, hi_addr(?lstr1_spi+0)
0x0392	0x2E3B    	MOV        R3, R27
0x0394	0xDFAF    	RCALL      _UARTC0_Write_Text+0
;spi.c,12 :: 		delay_ms(100);
0x0396	0xE022    	LDI        R18, 2
0x0398	0xE014    	LDI        R17, 4
0x039A	0xEB0B    	LDI        R16, 187
L_main4:
0x039C	0x950A    	DEC        R16
0x039E	0xF7F1    	BRNE       L_main4
0x03A0	0x951A    	DEC        R17
0x03A2	0xF7E1    	BRNE       L_main4
0x03A4	0x952A    	DEC        R18
0x03A6	0xF7D1    	BRNE       L_main4
0x03A8	0x0000    	NOP
;spi.c,14 :: 		SPIC_Init();
0x03AA	0xDFBB    	RCALL      _SPIC_Init+0
;spi.c,16 :: 		delay_ms(100);
0x03AC	0xE022    	LDI        R18, 2
0x03AE	0xE014    	LDI        R17, 4
0x03B0	0xEB0B    	LDI        R16, 187
L_main6:
0x03B2	0x950A    	DEC        R16
0x03B4	0xF7F1    	BRNE       L_main6
0x03B6	0x951A    	DEC        R17
0x03B8	0xF7E1    	BRNE       L_main6
0x03BA	0x952A    	DEC        R18
0x03BC	0xF7D1    	BRNE       L_main6
0x03BE	0x0000    	NOP
;spi.c,18 :: 		SPIC_Write(0x20);
0x03C0	0xE2B0    	LDI        R27, 32
0x03C2	0x2E2B    	MOV        R2, R27
0x03C4	0xDF8F    	RCALL      _SPIC_Write+0
;spi.c,19 :: 		SPIC_Write(0x0C);
0x03C6	0xE0BC    	LDI        R27, 12
0x03C8	0x2E2B    	MOV        R2, R27
0x03CA	0xDF8C    	RCALL      _SPIC_Write+0
;spi.c,20 :: 		SPIC_Write(0x10);
0x03CC	0xE1B0    	LDI        R27, 16
0x03CE	0x2E2B    	MOV        R2, R27
0x03D0	0xDF89    	RCALL      _SPIC_Write+0
;spi.c,21 :: 		SPIC_Write(0x04);
0x03D2	0xE0B4    	LDI        R27, 4
0x03D4	0x2E2B    	MOV        R2, R27
0x03D6	0xDF86    	RCALL      _SPIC_Write+0
;spi.c,23 :: 		while(1)
L_main8:
;spi.c,26 :: 		delay_ms(100);
0x03D8	0xE022    	LDI        R18, 2
0x03DA	0xE014    	LDI        R17, 4
0x03DC	0xEB0B    	LDI        R16, 187
L_main10:
0x03DE	0x950A    	DEC        R16
0x03E0	0xF7F1    	BRNE       L_main10
0x03E2	0x951A    	DEC        R17
0x03E4	0xF7E1    	BRNE       L_main10
0x03E6	0x952A    	DEC        R18
0x03E8	0xF7D1    	BRNE       L_main10
0x03EA	0x0000    	NOP
;spi.c,28 :: 		SPIC_Write(0x38);
0x03EC	0xE3B8    	LDI        R27, 56
0x03EE	0x2E2B    	MOV        R2, R27
0x03F0	0xDF79    	RCALL      _SPIC_Write+0
;spi.c,29 :: 		x = SPIC_Read(0xFF);
0x03F2	0xEFBF    	LDI        R27, 255
0x03F4	0x2E2B    	MOV        R2, R27
0x03F6	0xDF39    	RCALL      _SPIC_Read+0
; x start address is: 17 (R17)
0x03F8	0x2F10    	MOV        R17, R16
0x03FA	0xE020    	LDI        R18, 0
;spi.c,30 :: 		y = SPIC_Read(0xFF);
0x03FC	0xEFBF    	LDI        R27, 255
0x03FE	0x2E2B    	MOV        R2, R27
0x0400	0xDF34    	RCALL      _SPIC_Read+0
; y start address is: 19 (R19)
0x0402	0x2F30    	MOV        R19, R16
0x0404	0xE040    	LDI        R20, 0
;spi.c,32 :: 		delay_ms(100);
0x0406	0x932F    	PUSH       R18
0x0408	0x931F    	PUSH       R17
0x040A	0xE022    	LDI        R18, 2
0x040C	0xE014    	LDI        R17, 4
0x040E	0xEB0B    	LDI        R16, 187
L_main12:
0x0410	0x950A    	DEC        R16
0x0412	0xF7F1    	BRNE       L_main12
0x0414	0x951A    	DEC        R17
0x0416	0xF7E1    	BRNE       L_main12
0x0418	0x952A    	DEC        R18
0x041A	0xF7D1    	BRNE       L_main12
0x041C	0x0000    	NOP
0x041E	0x911F    	POP        R17
0x0420	0x912F    	POP        R18
;spi.c,34 :: 		UARTC0_Write(x);
0x0422	0x2E21    	MOV        R2, R17
0x0424	0xDEEE    	RCALL      _UARTC0_Write+0
;spi.c,35 :: 		UARTC0_Write(y);
0x0426	0x2E23    	MOV        R2, R19
0x0428	0xDEEC    	RCALL      _UARTC0_Write+0
;spi.c,36 :: 		}
0x042A	0xCFD6    	RJMP       L_main8
; x end address is: 17 (R17)
; y end address is: 19 (R19)
;spi.c,37 :: 		}
L_end_main:
0x042C	0x903F    	POP        R3
0x042E	0x902F    	POP        R2
L__main_end_loop:
0x0430	0xCFFF    	RJMP       L__main_end_loop
; end of _main
_UARTC0_Write_Text:
;__Lib_UART_c23_c67_d23_d67_e23_f23.c,93 :: 		
;__Lib_UART_c23_c67_d23_d67_e23_f23.c,94 :: 		
; counter start address is: 17 (R17)
0x02F4	0xE010    	LDI        R17, 0
;__Lib_UART_c23_c67_d23_d67_e23_f23.c,95 :: 		
0x02F6	0x01F1    	MOVW       R30, R2
0x02F8	0x8100    	LD         R16, Z
; data_ start address is: 18 (R18)
0x02FA	0x2F20    	MOV        R18, R16
; data_ end address is: 18 (R18)
; counter end address is: 17 (R17)
0x02FC	0x2F02    	MOV        R16, R18
;__Lib_UART_c23_c67_d23_d67_e23_f23.c,96 :: 		
L_UARTC0_Write_Text3:
; data_ start address is: 16 (R16)
; counter start address is: 17 (R17)
0x02FE	0x3000    	CPI        R16, 0
0x0300	0xF079    	BREQ       L_UARTC0_Write_Text4
L__UARTC0_Write_Text109:
;__Lib_UART_c23_c67_d23_d67_e23_f23.c,97 :: 		
0x0302	0x923F    	PUSH       R3
0x0304	0x922F    	PUSH       R2
; data_ end address is: 16 (R16)
0x0306	0x2E20    	MOV        R2, R16
0x0308	0xDF7C    	RCALL      _UARTC0_Write+0
0x030A	0x902F    	POP        R2
0x030C	0x903F    	POP        R3
;__Lib_UART_c23_c67_d23_d67_e23_f23.c,98 :: 		
0x030E	0x2F01    	MOV        R16, R17
0x0310	0x5F0F    	SUBI       R16, 255
0x0312	0x2F10    	MOV        R17, R16
;__Lib_UART_c23_c67_d23_d67_e23_f23.c,99 :: 		
0x0314	0x2FE0    	MOV        R30, R16
0x0316	0xE0F0    	LDI        R31, 0
0x0318	0x0DE2    	ADD        R30, R2
0x031A	0x1DF3    	ADC        R31, R3
0x031C	0x8100    	LD         R16, Z
; data_ start address is: 16 (R16)
;__Lib_UART_c23_c67_d23_d67_e23_f23.c,100 :: 		
; counter end address is: 17 (R17)
; data_ end address is: 16 (R16)
0x031E	0xCFEF    	RJMP       L_UARTC0_Write_Text3
L_UARTC0_Write_Text4:
;__Lib_UART_c23_c67_d23_d67_e23_f23.c,101 :: 		
L_end_UARTC0_Write_Text:
0x0320	0x9508    	RET
; end of _UARTC0_Write_Text
_UARTC0_Write:
;__Lib_UART_c23_c67_d23_d67_e23_f23.c,73 :: 		
;__Lib_UART_c23_c67_d23_d67_e23_f23.c,74 :: 		
L_UARTC0_Write0:
0x0202	0x08A191B0  	LDS        R27, USARTC0_STATUS+0
0x0206	0xFDB5    	SBRC       R27, 5
0x0208	0xC001    	RJMP       L_UARTC0_Write1
;__Lib_UART_c23_c67_d23_d67_e23_f23.c,75 :: 		
0x020A	0xCFFB    	RJMP       L_UARTC0_Write0
L_UARTC0_Write1:
;__Lib_UART_c23_c67_d23_d67_e23_f23.c,76 :: 		
0x020C	0x08A191B0  	LDS        R27, USARTC0_STATUS+0
0x0210	0xFFB6    	SBRS       R27, 6
0x0212	0xC005    	RJMP       L_UARTC0_Write2
;__Lib_UART_c23_c67_d23_d67_e23_f23.c,77 :: 		
0x0214	0x08A191B0  	LDS        R27, USARTC0_STATUS+0
0x0218	0x64B0    	SBR        R27, 64
0x021A	0x08A193B0  	STS        USARTC0_STATUS+0, R27
L_UARTC0_Write2:
;__Lib_UART_c23_c67_d23_d67_e23_f23.c,78 :: 		
0x021E	0x08A09220  	STS        USARTC0_DATA+0, R2
;__Lib_UART_c23_c67_d23_d67_e23_f23.c,79 :: 		
L_end_UARTC0_Write:
0x0222	0x9508    	RET
; end of _UARTC0_Write
_SPIC_Init:
;__Lib_SPI_c567_d567.c,42 :: 		
;__Lib_SPI_c567_d567.c,43 :: 		
0x0322	0x922F    	PUSH       R2
0x0324	0x923F    	PUSH       R3
0x0326	0x924F    	PUSH       R4
0x0328	0x2444    	CLR        R4
0x032A	0xE0B4    	LDI        R27, 4
0x032C	0x2E3B    	MOV        R3, R27
0x032E	0xE1B0    	LDI        R27, 16
0x0330	0x2E2B    	MOV        R2, R27
0x0332	0xDF78    	RCALL      _SPIC_Init_Advanced+0
;__Lib_SPI_c567_d567.c,44 :: 		
L_end_SPIC_Init:
0x0334	0x904F    	POP        R4
0x0336	0x903F    	POP        R3
0x0338	0x902F    	POP        R2
0x033A	0x9508    	RET
; end of _SPIC_Init
_SPIC_Init_Advanced:
;__Lib_SPI_c567_d567.c,27 :: 		
;__Lib_SPI_c567_d567.c,28 :: 		
0x0224	0xE3B5    	LDI        R27, lo_addr(_SPIC_Read+0)
0x0226	0x200693B0  	STS        _SPI_Rd_Ptr+0, R27
0x022A	0xE0B1    	LDI        R27, hi_addr(_SPIC_Read+0)
0x022C	0x200793B0  	STS        _SPI_Rd_Ptr+1, R27
;__Lib_SPI_c567_d567.c,29 :: 		
0x0230	0xE7B2    	LDI        R27, lo_addr(_SPIC_Write+0)
0x0232	0x200C93B0  	STS        _SPI_Wr_Ptr+0, R27
0x0236	0xE0B1    	LDI        R27, hi_addr(_SPIC_Write+0)
0x0238	0x200D93B0  	STS        _SPI_Wr_Ptr+1, R27
;__Lib_SPI_c567_d567.c,31 :: 		
0x023C	0xEBB0    	LDI        R27, 176
0x023E	0x064193B0  	STS        PORTC_DIRSET+0, R27
;__Lib_SPI_c567_d567.c,34 :: 		
0x0242	0xE4B0    	LDI        R27, 64
0x0244	0x064293B0  	STS        PORTC_DIRCLR+0, R27
;__Lib_SPI_c567_d567.c,36 :: 		
0x0248	0xE0B0    	LDI        R27, 0
0x024A	0x08C193B0  	STS        SPIC_INTCTRL+0, R27
;__Lib_SPI_c567_d567.c,38 :: 		
0x024E	0x2D03    	MOV        R16, R3
0x0250	0x7003    	ANDI       R16, 3
0x0252	0x2904    	OR         R16, R4
0x0254	0x2902    	OR         R16, R2
0x0256	0x6400    	ORI        R16, 64
0x0258	0x08C09300  	STS        SPIC_CTRL+0, R16
;__Lib_SPI_c567_d567.c,39 :: 		
0x025C	0xFA32    	BST        R3, 2
0x025E	0x08C091B0  	LDS        R27, SPIC_CTRL+0
0x0262	0xF9B7    	BLD        R27, 7
0x0264	0x08C093B0  	STS        SPIC_CTRL+0, R27
;__Lib_SPI_c567_d567.c,40 :: 		
L_end_SPIC_Init_Advanced:
0x0268	0x9508    	RET
; end of _SPIC_Init_Advanced
_SPIC_Write:
;__Lib_SPI_c567_d567.c,46 :: 		
;__Lib_SPI_c567_d567.c,47 :: 		
0x02E4	0x08C39220  	STS        SPIC_DATA+0, R2
;__Lib_SPI_c567_d567.c,48 :: 		
L_SPIC_Write0:
0x02E8	0x08C291B0  	LDS        R27, SPIC_STATUS+0
0x02EC	0xFDB7    	SBRC       R27, 7
0x02EE	0xC001    	RJMP       L_SPIC_Write1
;__Lib_SPI_c567_d567.c,49 :: 		
0x02F0	0xCFFB    	RJMP       L_SPIC_Write0
L_SPIC_Write1:
;__Lib_SPI_c567_d567.c,50 :: 		
L_end_SPIC_Write:
0x02F2	0x9508    	RET
; end of _SPIC_Write
_SPIC_Read:
;__Lib_SPI_c567_d567.c,52 :: 		
;__Lib_SPI_c567_d567.c,53 :: 		
0x026A	0x08C39220  	STS        SPIC_DATA+0, R2
;__Lib_SPI_c567_d567.c,54 :: 		
L_SPIC_Read2:
0x026E	0x08C291B0  	LDS        R27, SPIC_STATUS+0
0x0272	0xFDB7    	SBRC       R27, 7
0x0274	0xC001    	RJMP       L_SPIC_Read3
;__Lib_SPI_c567_d567.c,55 :: 		
0x0276	0xCFFB    	RJMP       L_SPIC_Read2
L_SPIC_Read3:
;__Lib_SPI_c567_d567.c,56 :: 		
0x0278	0x08C39100  	LDS        R16, SPIC_DATA+0
;__Lib_SPI_c567_d567.c,57 :: 		
L_end_SPIC_Read:
0x027C	0x9508    	RET
; end of _SPIC_Read
___CC2DW:
;__Lib_System.c,25 :: 		
;__Lib_System.c,27 :: 		
L_loopDW:
;__Lib_System.c,28 :: 		
0x027E	0x9005    	LPM        R0, Z+
;__Lib_System.c,29 :: 		
0x0280	0x920D    	ST         X+, R0
;__Lib_System.c,30 :: 		
0x0282	0x9701    	SBIW       R24, 1
;__Lib_System.c,31 :: 		
0x0284	0xF7E1    	BRNE       L_loopDW
;__Lib_System.c,33 :: 		
L_end___CC2DW:
0x0286	0x9508    	RET
; end of ___CC2DW
_UARTC0_Init:
;__Lib_UART_c23_c67_d23_d67_e23_f23.c,43 :: 		
;__Lib_UART_c23_c67_d23_d67_e23_f23.c,44 :: 		
0x0288	0xE0B1    	LDI        R27, lo_addr(_UARTC0_Write+0)
0x028A	0x200A93B0  	STS        _UART_Wr_Ptr+0, R27
0x028E	0xE0B1    	LDI        R27, hi_addr(_UARTC0_Write+0)
0x0290	0x200B93B0  	STS        _UART_Wr_Ptr+1, R27
;__Lib_UART_c23_c67_d23_d67_e23_f23.c,45 :: 		
0x0294	0xEFBF    	LDI        R27, lo_addr(_UARTC0_Read+0)
0x0296	0x200893B0  	STS        _UART_Rd_Ptr+0, R27
0x029A	0xEFBF    	LDI        R27, hi_addr(_UARTC0_Read+0)
0x029C	0x200993B0  	STS        _UART_Rd_Ptr+1, R27
;__Lib_UART_c23_c67_d23_d67_e23_f23.c,46 :: 		
0x02A0	0xEFBF    	LDI        R27, lo_addr(_UARTC0_Data_Ready+0)
0x02A2	0x200E93B0  	STS        _UART_Rdy_Ptr+0, R27
0x02A6	0xEFBF    	LDI        R27, hi_addr(_UARTC0_Data_Ready+0)
0x02A8	0x200F93B0  	STS        _UART_Rdy_Ptr+1, R27
;__Lib_UART_c23_c67_d23_d67_e23_f23.c,47 :: 		
0x02AC	0xEFBF    	LDI        R27, lo_addr(_UARTC0_Tx_Idle+0)
0x02AE	0x201093B0  	STS        _UART_Tx_Idle_Ptr+0, R27
0x02B2	0xEFBF    	LDI        R27, hi_addr(_UARTC0_Tx_Idle+0)
0x02B4	0x201193B0  	STS        _UART_Tx_Idle_Ptr+1, R27
;__Lib_UART_c23_c67_d23_d67_e23_f23.c,49 :: 		
0x02B8	0x064291B0  	LDS        R27, PORTC_DIRCLR+0
0x02BC	0x60B4    	SBR        R27, 4
0x02BE	0x064293B0  	STS        PORTC_DIRCLR+0, R27
;__Lib_UART_c23_c67_d23_d67_e23_f23.c,50 :: 		
0x02C2	0x064191B0  	LDS        R27, PORTC_DIRSET+0
0x02C6	0x60B8    	SBR        R27, 8
0x02C8	0x064193B0  	STS        PORTC_DIRSET+0, R27
;__Lib_UART_c23_c67_d23_d67_e23_f23.c,52 :: 		
0x02CC	0xE0B0    	LDI        R27, 0
0x02CE	0x08A393B0  	STS        USARTC0_CTRLA+0, R27
;__Lib_UART_c23_c67_d23_d67_e23_f23.c,53 :: 		
0x02D2	0x08A49100  	LDS        R16, USARTC0_CTRLB+0
0x02D6	0x6108    	ORI        R16, 24
0x02D8	0x08A49300  	STS        USARTC0_CTRLB+0, R16
;__Lib_UART_c23_c67_d23_d67_e23_f23.c,54 :: 		
0x02DC	0xE0B3    	LDI        R27, 3
0x02DE	0x08A593B0  	STS        USARTC0_CTRLC+0, R27
;__Lib_UART_c23_c67_d23_d67_e23_f23.c,56 :: 		
L_end_UARTC0_Init:
0x02E2	0x9508    	RET
; end of _UARTC0_Init
0x0432	0xE0A0    	LDI        R26, 0
0x0434	0xE2B0    	LDI        R27, 32
0x0436	0xEFEC    	LDI        R30, 252
0x0438	0xE0F1    	LDI        R31, 1
0x043A	0xE086    	LDI        R24, 6
0x043C	0xE090    	LDI        R25, 0
0x043E	0x013F940E  	CALL       ___CC2DW
0x0442	0x9508    	RET
;spi.c,0 :: ?ICS?lstr1_spi
0x01FC	0x6568 ;?ICS?lstr1_spi+0
0x01FE	0x6C6C ;?ICS?lstr1_spi+2
0x0200	0x006F ;?ICS?lstr1_spi+4
; end of ?ICS?lstr1_spi
Symbol List:
//** Routines locations **
//ADDRESS    SIZE    PROCEDURE
//----------------------------------------------
0x0101      [17]    _UARTC0_Write
0x0112      [35]    _SPIC_Init_Advanced
0x0135      [10]    _SPIC_Read
0x013F       [5]    ___CC2DW
0x0144      [46]    _UARTC0_Init
0x0172       [8]    _SPIC_Write
0x017A      [23]    _UARTC0_Write_Text
0x0191      [13]    _SPIC_Init
0x019E     [123]    _main
//** Variables locations ** 
//ADDRESS    SIZE    VARIABLE
//----------------------------------------------
0x0000       [0]    BLBB1_LOCKBIT_LOCKBITS_bit
0x0000       [1]    Delay_Cyc_loc_L0
0x0000       [0]    BLBA1_LOCKBIT_LOCKBITS_bit
0x0000       [0]    BLBA0_LOCKBIT_LOCKBITS_bit
0x0000       [0]    JTAGUSERID5_bit
0x0000       [1]    R0
0x0000       [0]    JTAGUSERID6_bit
0x0000       [0]    BLBB0_LOCKBIT_LOCKBITS_bit
0x0000       [1]    LOCKBIT_LOCKBITS
0x0000       [0]    JTAGUSERID0_bit
0x0000       [0]    LB0_LOCKBIT_LOCKBITS_bit
0x0000       [1]    FUSE_FUSEBYTE0
0x0000       [1]    PROD_SIGNATURES_RCOSC2M
0x0000       [0]    LB1_LOCKBIT_LOCKBITS_bit
0x0000       [0]    BLBAT1_LOCKBIT_LOCKBITS_bit
0x0000       [0]    JTAGUSERID3_bit
0x0000       [0]    JTAGUSERID4_bit
0x0000       [0]    BLBAT0_LOCKBIT_LOCKBITS_bit
0x0000       [0]    JTAGUSERID1_bit
0x0000       [0]    JTAGUSERID2_bit
0x0000       [0]    JTAGUSERID7_bit
0x0000       [1]    GPIO_GPIOR0
0x0001       [0]    WDP2_bit
0x0001       [1]    R1
0x0001       [0]    WDP0_bit
0x0001       [1]    PROD_SIGNATURES_RCOSC2MA
0x0001       [0]    WDP1_bit
0x0001       [0]    WDWP0_bit
0x0001       [0]    WDP3_bit
0x0001       [0]    WDWP1_bit
0x0001       [0]    WDWP3_bit
0x0001       [1]    FUSE_FUSEBYTE1
0x0001       [0]    WDWP2_bit
0x0001       [1]    GPIO_GPIOR1
0x0002       [0]    BODPD0_bit
0x0002       [0]    TOSCSEL_bit
0x0002       [4]    FARG_UARTE0_Init_Advanced_bps
0x0002       [1]    FARG_UARTE0_Write_data_
0x0002       [1]    FARG_SPIC_Init_Advanced_mode
0x0002       [1]    PROD_SIGNATURES_RCOSC32K
0x0002       [0]    BOOTRST_bit
0x0002       [1]    FARG_UARTD1_Write_data_
0x0002       [1]    FUSE_FUSEBYTE2
0x0002       [2]    FARG_UARTC0_Write_Text_uart_text
0x0002       [1]    FARG_SPI_Read_buffer
0x0002       [2]    FARG_UARTD1_Read_Text_Output
0x0002       [2]    FARG_SPI_Set_Active_read_ptr
0x0002       [2]    FARG_UARTD1_Write_Text_uart_text
0x0002       [1]    FARG_UARTC0_Write_data_
0x0002       [1]    FARG_UARTF0_Write_data_
0x0002       [2]    FARG_UART_Set_Active_read_ptr
0x0002       [2]    FARG_UART_Write_Text_uart_text
0x0002       [1]    FARG_UART_Write__data
0x0002       [2]    FARG_UARTF0_Write_Text_uart_text
0x0002       [1]    FARG_SPID_Read_data_out
0x0002       [1]    FARG_SPID_Write_data_out
0x0002       [2]    FARG_UARTF0_Read_Text_Output
0x0002       [1]    GPIO_GPIOR2
0x0002       [2]    FARG_UARTE0_Read_Text_Output
0x0002       [1]    FARG_SPIC_Write_data_out
0x0002       [0]    BODPD1_bit
0x0002       [2]    FARG_UARTE0_Write_Text_uart_text
0x0002       [1]    FARG_SPIC_Read_data_out
0x0002       [4]    FARG_UARTF0_Init_Advanced_bps
0x0002       [1]    FARG_SPID_Init_Advanced_mode
0x0002       [4]    FARG_UARTC0_Init_Advanced_bps
0x0002       [2]    FARG_UART_Read_Text_Output
0x0002       [1]    FARG_UARTD0_Write_data_
0x0002       [1]    FARG_UARTC1_Write_data_
0x0002       [2]    FARG_UARTC1_Write_Text_uart_text
0x0002       [2]    FARG_UARTD0_Read_Text_Output
0x0002       [2]    FARG_UARTC1_Read_Text_Output
0x0002       [2]    FARG_VDelay_ms_Time_ms
0x0002       [4]    FARG_UARTC1_Init_Advanced_bps
0x0002       [2]    FARG_VDelay_Advanced_ms_Time_ms
0x0002       [1]    R2
0x0002       [2]    FARG_UARTD0_Write_Text_uart_text
0x0002       [4]    FARG_UARTD0_Init_Advanced_bps
0x0002       [2]    FARG_UARTC0_Read_Text_Output
0x0002       [4]    FARG_UARTD1_Init_Advanced_bps
0x0002       [1]    FARG_Delay_Cyc_cycles_div_by_10
0x0002       [1]    FARG_SPI_Write_data_out
0x0003       [1]    PROD_SIGNATURES_RCOSC32M
0x0003       [1]    FARG_SPIC_Init_Advanced_fcy_div
0x0003       [1]    R3
0x0003       [1]    GPIO_GPIOR3
0x0003       [1]    FARG_SPID_Init_Advanced_fcy_div
0x0004       [2]    FARG_UARTC1_Read_Text_Delimiter
0x0004       [2]    FARG_UARTF0_Read_Text_Delimiter
0x0004       [2]    FARG_UARTE0_Read_Text_Delimiter
0x0004       [0]    SUT1_bit
0x0004       [1]    GPIO_GPIOR4
0x0004       [1]    FUSE_FUSEBYTE4
0x0004       [2]    FARG_UART_Set_Active_write_ptr
0x0004       [1]    FARG_SPID_Init_Advanced_clock_and_edge
0x0004       [0]    JTAGEN_bit
0x0004       [0]    WDLOCK_bit
0x0004       [0]    SUT0_bit
0x0004       [0]    RSTDISBL_bit
0x0004       [2]    FARG_UART_Read_Text_Delimiter
0x0004       [2]    FARG_VDelay_Advanced_ms_Current_Fosc_kHz
0x0004       [2]    FARG_UARTD0_Read_Text_Delimiter
0x0004       [2]    FARG_UARTC0_Read_Text_Delimiter
0x0004       [1]    PROD_SIGNATURES_RCOSC32MA
0x0004       [2]    FARG_SPI_Set_Active_write_ptr
0x0004       [2]    FARG_UARTD1_Read_Text_Delimiter
0x0004       [1]    R4
0x0004       [1]    FARG_SPIC_Init_Advanced_clock_and_edge
0x0005       [0]    BODLVL2_bit
0x0005       [1]    R5
0x0005       [1]    GPIO_GPIOR5
0x0005       [0]    BODLVL1_bit
0x0005       [0]    BODACT0_bit
0x0005       [1]    FUSE_FUSEBYTE5
0x0005       [0]    BODLVL0_bit
0x0005       [0]    EESAVE_bit
0x0005       [0]    BODACT1_bit
0x0006       [2]    FARG_UART_Set_Active_tx_idle_ptr
0x0006       [1]    FARG_UARTD0_Init_Advanced_parity
0x0006       [1]    FARG_UARTD0_Read_Text_Attempts
0x0006       [1]    FARG_UARTF0_Read_Text_Attempts
0x0006       [1]    FARG_UARTC0_Read_Text_Attempts
0x0006       [1]    FARG_UARTC0_Init_Advanced_parity
0x0006       [1]    FARG_UARTD1_Init_Advanced_parity
0x0006       [1]    FARG_UARTE0_Init_Advanced_parity
0x0006       [1]    FARG_UARTC1_Init_Advanced_parity
0x0006       [1]    FARG_UARTE0_Read_Text_Attempts
0x0006       [1]    FARG_UARTC1_Read_Text_Attempts
0x0006       [1]    FARG_UART_Read_Text_Attempts
0x0006       [1]    GPIO_GPIOR6
0x0006       [1]    FARG_UARTD1_Read_Text_Attempts
0x0006       [1]    R6
0x0006       [1]    FARG_UARTF0_Init_Advanced_parity
0x0007       [1]    FARG_UARTD1_Init_Advanced_stop_bits
0x0007       [1]    R7
0x0007       [1]    FARG_UARTC1_Init_Advanced_stop_bits
0x0007       [1]    FARG_UARTE0_Init_Advanced_stop_bits
0x0007       [1]    FARG_UARTC0_Init_Advanced_stop_bits
0x0007       [1]    FARG_UARTD0_Init_Advanced_stop_bits
0x0007       [1]    FARG_UARTF0_Init_Advanced_stop_bits
0x0007       [1]    GPIO_GPIOR7
0x0008       [1]    GPIO_GPIOR8
0x0008       [1]    R8
0x0008       [1]    PROD_SIGNATURES_LOTNUM0
0x0009       [1]    GPIO_GPIOR9
0x0009       [1]    R9
0x0009       [1]    PROD_SIGNATURES_LOTNUM1
0x000A       [1]    R10
0x000A       [1]    PROD_SIGNATURES_LOTNUM2
0x000A       [1]    GPIO_GPIORA
0x000B       [1]    R11
0x000B       [1]    PROD_SIGNATURES_LOTNUM3
0x000B       [1]    GPIO_GPIORB
0x000C       [1]    R12
0x000C       [1]    GPIO_GPIORC
0x000C       [1]    PROD_SIGNATURES_LOTNUM4
0x000D       [1]    R13
0x000D       [1]    GPIO_GPIORD
0x000D       [1]    PROD_SIGNATURES_LOTNUM5
0x000E       [1]    GPIO_GPIORE
0x000E       [1]    R14
0x000F       [1]    GPIO_GPIORF
0x000F       [1]    R15
0x0010       [1]    VPORT0_DIR
0x0010       [1]    R16
0x0010       [1]    PROD_SIGNATURES_WAFNUM
0x0011       [1]    VPORT0_OUT
0x0011       [1]    R17
0x0012       [1]    R18
0x0012       [1]    PROD_SIGNATURES_COORDX0
0x0012       [1]    VPORT0_IN
0x0013       [1]    PROD_SIGNATURES_COORDX1
0x0013       [0]    INT0IF_bit
0x0013       [1]    VPORT0_INTFLAGS
0x0013       [1]    R19
0x0013       [0]    INT1IF_bit
0x0014       [1]    VPORT1_DIR
0x0014       [1]    R20
0x0014       [1]    PROD_SIGNATURES_COORDY0
0x0015       [1]    R21
0x0015       [1]    VPORT1_OUT
0x0015       [1]    PROD_SIGNATURES_COORDY1
0x0016       [1]    VPORT1_IN
0x0016       [1]    R22
0x0017       [0]    INT0IF_VPORT1_INTFLAGS_bit
0x0017       [0]    INT1IF_VPORT1_INTFLAGS_bit
0x0017       [1]    VPORT1_INTFLAGS
0x0017       [1]    R23
0x0018       [1]    R24
0x0018       [1]    VPORT2_DIR
0x0019       [1]    VPORT2_OUT
0x0019       [1]    R25
0x001A       [1]    XL
0x001A       [2]    X
0x001A       [1]    R26
0x001A       [1]    PROD_SIGNATURES_USBCAL0
0x001A       [1]    VPORT2_IN
0x001B       [0]    INT1IF_VPORT2_INTFLAGS_bit
0x001B       [1]    VPORT2_INTFLAGS
0x001B       [1]    R27
0x001B       [0]    INT0IF_VPORT2_INTFLAGS_bit
0x001B       [1]    XH
0x001B       [1]    PROD_SIGNATURES_USBCAL1
0x001C       [1]    R28
0x001C       [1]    VPORT3_DIR
0x001C       [2]    Y
0x001C       [1]    PROD_SIGNATURES_USBRCOSC
0x001C       [1]    YL
0x001D       [1]    VPORT3_OUT
0x001D       [1]    PROD_SIGNATURES_USBRCOSCA
0x001D       [1]    R29
0x001D       [1]    YH
0x001E       [1]    R30
0x001E       [2]    Z
0x001E       [1]    ZL
0x001E       [1]    VPORT3_IN
0x001F       [0]    INT0IF_VPORT3_INTFLAGS_bit
0x001F       [1]    R31
0x001F       [1]    VPORT3_INTFLAGS
0x001F       [1]    ZH
0x001F       [0]    INT1IF_VPORT3_INTFLAGS_bit
0x0020       [1]    PROD_SIGNATURES_ADCACAL0
0x0021       [1]    PROD_SIGNATURES_ADCACAL1
0x0024       [1]    PROD_SIGNATURES_ADCBCAL0
0x0025       [1]    PROD_SIGNATURES_ADCBCAL1
0x002E       [0]    OCDRD6_bit
0x002E       [1]    PROD_SIGNATURES_TEMPSENSE0
0x002E       [0]    OCDRD7_bit
0x002E       [0]    OCDRD2_bit
0x002E       [0]    OCDRD3_bit
0x002E       [0]    OCDRD1_bit
0x002E       [1]    OCD_OCDR0
0x002E       [0]    OCDRD0_bit
0x002E       [0]    OCDRD4_bit
0x002E       [0]    OCDRD5_bit
0x002F       [0]    OCDRD_bit
0x002F       [1]    PROD_SIGNATURES_TEMPSENSE1
0x002F       [1]    OCD_OCDR1
0x0030       [1]    PROD_SIGNATURES_DACA0OFFCAL
0x0031       [1]    PROD_SIGNATURES_DACA0GAINCAL
0x0032       [1]    PROD_SIGNATURES_DACB0OFFCAL
0x0033       [1]    PROD_SIGNATURES_DACB0GAINCAL
0x0034       [0]    CCP7_bit
0x0034       [0]    CCP1_bit
0x0034       [0]    CCP2_bit
0x0034       [0]    CCP0_bit
0x0034       [1]    CPU_CCP
0x0034       [1]    PROD_SIGNATURES_DACA1OFFCAL
0x0034       [0]    CCP6_bit
0x0034       [0]    CCP4_bit
0x0034       [0]    CCP5_bit
0x0034       [0]    CCP3_bit
0x0035       [1]    PROD_SIGNATURES_DACA1GAINCAL
0x0036       [1]    PROD_SIGNATURES_DACB1OFFCAL
0x0037       [1]    PROD_SIGNATURES_DACB1GAINCAL
0x0038       [1]    CPU_RAMPD
0x0039       [1]    CPU_RAMPX
0x003A       [1]    CPU_RAMPY
0x003B       [1]    CPU_RAMPZ
0x003C       [1]    CPU_EIND
0x003D       [1]    SPL
0x003D       [1]    CPU_SPL
0x003E       [1]    CPU_SPH
0x003E       [1]    SPH
0x003F       [0]    H_bit
0x003F       [1]    CPU_SREG
0x003F       [0]    S_bit
0x003F       [0]    I_bit
0x003F       [0]    T_bit
0x003F       [1]    SREG
0x003F       [0]    N_bit
0x003F       [0]    V_bit
0x003F       [0]    C_bit
0x003F       [0]    Z_bit
0x0641       [1]    PORTC_DIRSET
0x0642       [1]    PORTC_DIRCLR
0x08A0       [1]    USARTC0_DATA
0x08A1       [1]    USARTC0_STATUS
0x08A3       [1]    USARTC0_CTRLA
0x08A4       [1]    USARTC0_CTRLB
0x08A5       [1]    USARTC0_CTRLC
0x08C0       [1]    SPIC_CTRL
0x08C1       [1]    SPIC_INTCTRL
0x08C2       [1]    SPIC_STATUS
0x08C3       [1]    SPIC_DATA
0x2000       [6]    ?lstr1_spi
0x2006       [2]    _SPI_Rd_Ptr
0x2008       [2]    _UART_Rd_Ptr
0x200A       [2]    _UART_Wr_Ptr
0x200C       [2]    _SPI_Wr_Ptr
0x200E       [2]    _UART_Rdy_Ptr
0x2010       [2]    _UART_Tx_Idle_Ptr
//** Constants locations ** 
//ADDRESS    SIZE    CONSTANT
//----------------------------------------------
0x01FC       [6]    ?ICS?lstr1_spi
//** Label List: ** 
//----------------------------------------------
  L_main0
  L_main2
  L_main4
  L_main6
  L_main8
  L_main9
  L_main10
  L_main12
  L_end_main
  _main
  L__main_end_loop
  L_Delay_10us0
  L_Delay_22us2
  L_Delay_50us4
  L_Delay_80us6
  L_Delay_500us8
  L_Delay_5500us10
  L_Delay_1ms12
  L_Delay_5ms14
  L_Delay_8ms16
  L_Delay_100ms18
  L_Delay_10ms20
  L_Delay_1sec22
  L_Delay_Cyc24
  L_Delay_Cyc25
  L_VDelay_ms26
  L_VDelay_ms27
  L_VDelay_Advanced_ms28
  L_VDelay_Advanced_ms29
  L_end_Get_Fosc_kHz
  _Get_Fosc_kHz
  L_end_Delay_1us
  _Delay_1us
  L_end_Delay_10us
  _Delay_10us
  L_end_Delay_22us
  _Delay_22us
  L_end_Delay_50us
  _Delay_50us
  L_end_Delay_80us
  _Delay_80us
  L_end_Delay_500us
  _Delay_500us
  L_end_Delay_5500us
  _Delay_5500us
  L_end_Delay_1ms
  _Delay_1ms
  L_end_Delay_5ms
  _Delay_5ms
  L_end_Delay_8ms
  _Delay_8ms
  L_end_Delay_100ms
  _Delay_100ms
  L_end_Delay_10ms
  _Delay_10ms
  L_end_Delay_1sec
  _Delay_1sec
  L_end_Delay_Cyc
  _Delay_Cyc
  L__Delay_Cyc45
  L_end_VDelay_ms
  _VDelay_ms
  L__VDelay_ms47
  L__VDelay_ms48
  L__VDelay_ms49
  L_end_VDelay_Advanced_ms
  _VDelay_Advanced_ms
  L__VDelay_Advanced_ms51
  L__VDelay_Advanced_ms52
  L__VDelay_Advanced_ms53
  L_end___Lib_Delays___?ag
  __Lib_Delays____?ag
  Mul_8x8_U_L1
  Mul_8x8_U_L2
  Mul_16x16_L1
  Mul_16x16_L2
  Mul_16x16_L3
  Mul_32x32_L1
  Mul_32x32_L2
  Mul_32x32_L3
  Div_8x8_U_L2
  Div_8x8_U_L1
  Div_16x16_S_L3
  Div_16x16_S_L1
  Div_16x16_S_L4
  Div_16x16_S_L2
  Div_16x16_S_L6
  Div_16x16_S_L5
  Div_16x16_U_L2
  Div_16x16_U_L1
  Div_32x32_U_L2
  Div_32x32_U_L1
  Div_32x32_S_L3
  Div_32x32_S_L1
  Div_32x32_S_L4
  Div_32x32_S_L2
  Div_32x32_S_L6
  Div_32x32_S_L5
  L_end_Mul_8x8_U
  _Mul_8x8_U
  L_end_Mul_16x16
  _Mul_16x16
  L_end_Mul_32x32
  _Mul_32x32
  L_end_Div_8x8_U
  _Div_8x8_U
  L_end_Div_16x16_S
  _Div_16x16_S
  L_end_Div_16x16_U
  _Div_16x16_U
  L_end_Div_32x32_U
  _Div_32x32_U
  L_end_Div_32x32_S
  _Div_32x32_S
  L_end_HWMul_16x16
  _HWMul_16x16
  L_end_HWMul_32x32
  _HWMul_32x32
  L_end___Lib_Math___?ag
  __Lib_Math____?ag
  L015C
  L01A7
  L0196
  L0178
  L0184
  L0197
  L0187
  L019C
  L0192
  L0196x
  L00FC
  L016E
  L016Ex
  L0154
  L0153
  L0077
  L0073
  L0072int
  L006A
  L0068
  L0063
  L006B
  L007A
  L008A
  L00CC
  L0098
  L00D6
  L00B4
  L00AC
  L00A5
  L00AE
  L00BB
  L00C4
  L00C7
  L00CA
  L00C9
  L00D6x
  L0097
  L009B
  L00A0mul
  L0083
  L0090
  L00A0x
  L0072div
  L00C2
  L00AB
  L00B1
  L00BD
  L0092
  L00A0div
  L00A4
  L00A6
  L00C2x
  L011A
  L0118
  L011Aexit
  op_equ_false
  op_equ_exit
  op_diff_false
  op_diff_exit
  op_gequ_false
  op_gequ_exit
  op_big_false
  op_big_exit
  op_less_false
  op_less_exit
  op_lequ_false
  op_lequ_exit
  L_end_float_neg32
  _float_neg32
  L_end_float_tstr16_r19
  _float_tstr16_r19
  L_end_float_pack
  _float_pack
  L_end_float_normalize_and_pack
  _float_normalize_and_pack
  L_end_float_long2fp
  _float_long2fp
  L_end_float_slong2fp
  _float_slong2fp
  L_end_float_ulong2fp
  _float_ulong2fp
  L_end_float_int2fp
  _float_int2fp
  L_end_float_unpacku
  _float_unpacku
  L_end_float_unpacks
  _float_unpacks
  L_end_float_fpint
  _float_fpint
  L_end_float_fpadd_alt
  _float_fpadd_alt
  L_end_float_fpadd
  _float_fpadd
  L_end_float_fpadd1
  _float_fpadd1
  L_end_float_fpsub
  _float_fpsub
  L_end_float_fpsub1
  _float_fpsub1
  L_end_float_fpmul
  _float_fpmul
  L_end_float_fpmul1
  _float_fpmul1
  L_end_float_fpdiv
  _float_fpdiv
  L_end_float_fpdiv1
  _float_fpdiv1
  L_end_float_fpcmp
  _float_fpcmp
  L_end_float_fpcmp1
  _float_fpcmp1
  L_end_float_op_equ
  _float_op_equ
  L_end_float_op_diff
  _float_op_diff
  L_end_float_op_gequ
  _float_op_gequ
  L_end_float_op_big
  _float_op_big
  L_end_float_op_less
  _float_op_less
  L_end_float_op_lequ
  _float_op_lequ
  L_end___Lib_MathDouble___?ag
  __Lib_MathDouble____?ag
  L_SPIC_Write0
  L_SPIC_Write1
  L_SPIC_Read2
  L_SPIC_Read3
  L_SPID_Write4
  L_SPID_Write5
  L_SPID_Read6
  L_SPID_Read7
  L_end_SPIC_Init_Advanced
  _SPIC_Init_Advanced
  L_end_SPIC_Init
  _SPIC_Init
  L_end_SPIC_Write
  _SPIC_Write
  L_end_SPIC_Read
  _SPIC_Read
  L_end_SPID_Init_Advanced
  _SPID_Init_Advanced
  L_end_SPID_Init
  _SPID_Init
  L_end_SPID_Write
  _SPID_Write
  L_end_SPID_Read
  _SPID_Read
  L_end_SPI_Set_Active
  _SPI_Set_Active
  L_end_SPI_Read
  _SPI_Read
  L_end_SPI_Write
  _SPI_Write
  L_end___Lib_SPI_c567_d567___?ag
  __Lib_SPI_c567_d567____?ag
  L_loopDW
  L_loopCA2A
  L_loopCCA2A
  L_loopCFCA2A
  L_loopCS2Ss
  l_CS2Send
  L_loopCCS2Ss
  l_CCS2Send
  L_loopCFCS2Ss
  l_CFCS2Send
  L_loopFZinSWs
  L_end___CC2DW
  ___CC2DW
  L_end___CA2AW
  ___CA2AW
  L_end___CCA2AW
  ___CCA2AW
  L_end___CFCA2A
  ___CFCA2A
  L_end___CS2S
  ___CS2S
  L_end___CCS2S
  ___CCS2S
  L_end___CFCS2S
  ___CFCS2S
  L_end___FZinS
  ___FZinS
  L_end___Lib_System___?ag
  __Lib_System____?ag
  L_UARTC0_Write0
  L_UARTC0_Write1
  L_UARTC0_Write2
  L_UARTC0_Write_Text3
  L_UARTC0_Write_Text4
  L_UARTC0_Read_Text5
  L_UARTC0_Read_Text6
  L_UARTC0_Read_Text7
  L_UARTC0_Read_Text8
  L_UARTC0_Read_Text9
  L_UARTC0_Read_Text10
  L_UARTC0_Read_Text11
  L_UARTC0_Read_Text12
  L_UARTC0_Read_Text13
  L_UARTC1_Write14
  L_UARTC1_Write15
  L_UARTC1_Write16
  L_UARTC1_Write_Text17
  L_UARTC1_Write_Text18
  L_UARTC1_Read_Text19
  L_UARTC1_Read_Text20
  L_UARTC1_Read_Text21
  L_UARTC1_Read_Text22
  L_UARTC1_Read_Text23
  L_UARTC1_Read_Text24
  L_UARTC1_Read_Text25
  L_UARTC1_Read_Text26
  L_UARTC1_Read_Text27
  L_UARTD0_Write28
  L_UARTD0_Write29
  L_UARTD0_Write30
  L_UARTD0_Write_Text31
  L_UARTD0_Write_Text32
  L_UARTD0_Read_Text33
  L_UARTD0_Read_Text34
  L_UARTD0_Read_Text35
  L_UARTD0_Read_Text36
  L_UARTD0_Read_Text37
  L_UARTD0_Read_Text38
  L_UARTD0_Read_Text39
  L_UARTD0_Read_Text40
  L_UARTD0_Read_Text41
  L_UARTD1_Write42
  L_UARTD1_Write43
  L_UARTD1_Write44
  L_UARTD1_Write_Text45
  L_UARTD1_Write_Text46
  L_UARTD1_Read_Text47
  L_UARTD1_Read_Text48
  L_UARTD1_Read_Text49
  L_UARTD1_Read_Text50
  L_UARTD1_Read_Text51
  L_UARTD1_Read_Text52
  L_UARTD1_Read_Text53
  L_UARTD1_Read_Text54
  L_UARTD1_Read_Text55
  L_UARTE0_Write56
  L_UARTE0_Write57
  L_UARTE0_Write58
  L_UARTE0_Write_Text59
  L_UARTE0_Write_Text60
  L_UARTE0_Read_Text61
  L_UARTE0_Read_Text62
  L_UARTE0_Read_Text63
  L_UARTE0_Read_Text64
  L_UARTE0_Read_Text65
  L_UARTE0_Read_Text66
  L_UARTE0_Read_Text67
  L_UARTE0_Read_Text68
  L_UARTE0_Read_Text69
  L_UARTF0_Write70
  L_UARTF0_Write71
  L_UARTF0_Write72
  L_UARTF0_Write_Text73
  L_UARTF0_Write_Text74
  L_UARTF0_Read_Text75
  L_UARTF0_Read_Text76
  L_UARTF0_Read_Text77
  L_UARTF0_Read_Text78
  L_UARTF0_Read_Text79
  L_UARTF0_Read_Text80
  L_UARTF0_Read_Text81
  L_UARTF0_Read_Text82
  L_UARTF0_Read_Text83
  L_UART_Write_Text84
  L_UART_Write_Text85
  L_UART_Read_Text86
  L_UART_Read_Text87
  L_UART_Read_Text88
  L_UART_Read_Text89
  L_UART_Read_Text90
  L_UART_Read_Text91
  L_UART_Read_Text92
  L_UART_Read_Text93
  L_UART_Read_Text94
  L__UARTC0_Read_Text95
  L__UARTC1_Read_Text96
  L__UARTD0_Read_Text97
  L__UARTD1_Read_Text98
  L__UARTE0_Read_Text99
  L__UARTF0_Read_Text100
  L__UART_Read_Text101
  L_end_UARTC0_Init
  _UARTC0_Init
  L_end_UARTC0_Init_Advanced
  _UARTC0_Init_Advanced
  L_end_UARTC0_Write
  _UARTC0_Write
  L_end_UARTC0_Data_Ready
  _UARTC0_Data_Ready
  L_end_UARTC0_Read
  _UARTC0_Read
  L_end_UARTC0_Tx_Idle
  _UARTC0_Tx_Idle
  L_end_UARTC0_Write_Text
  _UARTC0_Write_Text
  L__UARTC0_Write_Text109
  L_end_UARTC0_Read_Text
  _UARTC0_Read_Text
  L__UARTC0_Read_Text111
  L__UARTC0_Read_Text112
  L__UARTC0_Read_Text113
  L__UARTC0_Read_Text114
  L__UARTC0_Read_Text115
  L__UARTC0_Read_Text116
  L_end_UARTC1_Init
  _UARTC1_Init
  L_end_UARTC1_Init_Advanced
  _UARTC1_Init_Advanced
  L_end_UARTC1_Write
  _UARTC1_Write
  L_end_UARTC1_Data_Ready
  _UARTC1_Data_Ready
  L_end_UARTC1_Read
  _UARTC1_Read
  L_end_UARTC1_Tx_Idle
  _UARTC1_Tx_Idle
  L_end_UARTC1_Write_Text
  _UARTC1_Write_Text
  L__UARTC1_Write_Text124
  L_end_UARTC1_Read_Text
  _UARTC1_Read_Text
  L__UARTC1_Read_Text126
  L__UARTC1_Read_Text127
  L__UARTC1_Read_Text128
  L__UARTC1_Read_Text129
  L__UARTC1_Read_Text130
  L__UARTC1_Read_Text131
  L_end_UARTD0_Init
  _UARTD0_Init
  L_end_UARTD0_Init_Advanced
  _UARTD0_Init_Advanced
  L_end_UARTD0_Write
  _UARTD0_Write
  L_end_UARTD0_Data_Ready
  _UARTD0_Data_Ready
  L_end_UARTD0_Read
  _UARTD0_Read
  L_end_UARTD0_Tx_Idle
  _UARTD0_Tx_Idle
  L_end_UARTD0_Write_Text
  _UARTD0_Write_Text
  L__UARTD0_Write_Text139
  L_end_UARTD0_Read_Text
  _UARTD0_Read_Text
  L__UARTD0_Read_Text141
  L__UARTD0_Read_Text142
  L__UARTD0_Read_Text143
  L__UARTD0_Read_Text144
  L__UARTD0_Read_Text145
  L__UARTD0_Read_Text146
  L_end_UARTD1_Init
  _UARTD1_Init
  L_end_UARTD1_Init_Advanced
  _UARTD1_Init_Advanced
  L_end_UARTD1_Write
  _UARTD1_Write
  L_end_UARTD1_Data_Ready
  _UARTD1_Data_Ready
  L_end_UARTD1_Read
  _UARTD1_Read
  L_end_UARTD1_Tx_Idle
  _UARTD1_Tx_Idle
  L_end_UARTD1_Write_Text
  _UARTD1_Write_Text
  L__UARTD1_Write_Text154
  L_end_UARTD1_Read_Text
  _UARTD1_Read_Text
  L__UARTD1_Read_Text156
  L__UARTD1_Read_Text157
  L__UARTD1_Read_Text158
  L__UARTD1_Read_Text159
  L__UARTD1_Read_Text160
  L__UARTD1_Read_Text161
  L_end_UARTE0_Init
  _UARTE0_Init
  L_end_UARTE0_Init_Advanced
  _UARTE0_Init_Advanced
  L_end_UARTE0_Write
  _UARTE0_Write
  L_end_UARTE0_Data_Ready
  _UARTE0_Data_Ready
  L_end_UARTE0_Read
  _UARTE0_Read
  L_end_UARTE0_Tx_Idle
  _UARTE0_Tx_Idle
  L_end_UARTE0_Write_Text
  _UARTE0_Write_Text
  L__UARTE0_Write_Text169
  L_end_UARTE0_Read_Text
  _UARTE0_Read_Text
  L__UARTE0_Read_Text171
  L__UARTE0_Read_Text172
  L__UARTE0_Read_Text173
  L__UARTE0_Read_Text174
  L__UARTE0_Read_Text175
  L__UARTE0_Read_Text176
  L_end_UARTF0_Init
  _UARTF0_Init
  L_end_UARTF0_Init_Advanced
  _UARTF0_Init_Advanced
  L_end_UARTF0_Write
  _UARTF0_Write
  L_end_UARTF0_Data_Ready
  _UARTF0_Data_Ready
  L_end_UARTF0_Read
  _UARTF0_Read
  L_end_UARTF0_Tx_Idle
  _UARTF0_Tx_Idle
  L_end_UARTF0_Write_Text
  _UARTF0_Write_Text
  L__UARTF0_Write_Text184
  L_end_UARTF0_Read_Text
  _UARTF0_Read_Text
  L__UARTF0_Read_Text186
  L__UARTF0_Read_Text187
  L__UARTF0_Read_Text188
  L__UARTF0_Read_Text189
  L__UARTF0_Read_Text190
  L__UARTF0_Read_Text191
  L_end_UART_Set_Active
  _UART_Set_Active
  L_end_UART_Write
  _UART_Write
  L_end_UART_Write_Text
  _UART_Write_Text
  L__UART_Write_Text195
  L_end_UART_Read
  _UART_Read
  L_end_UART_Data_Ready
  _UART_Data_Ready
  L_end_UART_Read_Text
  _UART_Read_Text
  L__UART_Read_Text199
  L__UART_Read_Text200
  L__UART_Read_Text201
  L__UART_Read_Text202
  L__UART_Read_Text203
  L__UART_Read_Text204
  L_end_UART_Tx_Idle
  _UART_Tx_Idle
  L_end___Lib_UART_c23_c67_d23_d67_e23_f23___?ag
  __Lib_UART_c23_c67_d23_d67_e23_f23____?ag
